Build started 3/10/2015 12:02:31 AM.
     1>Project "C:\Users\XiongBaoBao\Downloads\pulse-master\pulse-master\src\main\cpp\PulseCpp\PulseCpp\PulseCpp.vcxproj" on node 2 (Build target(s)).
     1>ClCompile:
         C:\Program Files (x86)\Microsoft Visual Studio 12.0\VC\bin\x86_amd64\CL.exe /c /Zi /nologo /W3 /WX- /Od /D WIN32 /D _DEBUG /D _CONSOLE /D _LIB /D _ITERATOR_DEBUG_LEVEL=0 /D _UNICODE /D UNICODE /Gm /EHsc /RTC1 /MDd /GS /fp:precise /Zc:wchar_t /Zc:forScope /Fo"x64\Debug\\" /Fd"x64\Debug\vc120.pdb" /Gd /TP /errorReport:prompt ..\..\main.cpp
         main.cpp
       Link:
         C:\Program Files (x86)\Microsoft Visual Studio 12.0\VC\bin\x86_amd64\link.exe /ERRORREPORT:PROMPT /OUT:"C:\Users\XiongBaoBao\Downloads\pulse-master\pulse-master\src\main\cpp\PulseCpp\x64\Debug\PulseCpp.exe" /INCREMENTAL /NOLOGO kernel32.lib user32.lib gdi32.lib winspool.lib comdlg32.lib advapi32.lib shell32.lib ole32.lib oleaut32.lib uuid.lib odbc32.lib odbccp32.lib /MANIFEST /MANIFESTUAC:"level='asInvoker' uiAccess='false'" /manifest:embed /DEBUG /PDB:"C:\Users\XiongBaoBao\Downloads\pulse-master\pulse-master\src\main\cpp\PulseCpp\x64\Debug\PulseCpp.pdb" /SUBSYSTEM:CONSOLE /TLBID:1 /DYNAMICBASE /NXCOMPAT /IMPLIB:"C:\Users\XiongBaoBao\Downloads\pulse-master\pulse-master\src\main\cpp\PulseCpp\x64\Debug\PulseCpp.lib" /MACHINE:X64 x64\Debug\bitboard.obj
         x64\Debug\castling.obj
         x64\Debug\castlingtype.obj
         x64\Debug\color.obj
         x64\Debug\evaluation.obj
         x64\Debug\file.obj
         x64\Debug\main.obj
         x64\Debug\move.obj
         x64\Debug\movegenerator.obj
         x64\Debug\movelist.obj
         x64\Debug\movetype.obj
         x64\Debug\notation.obj
         x64\Debug\perft.obj
         x64\Debug\piece.obj
         x64\Debug\piecetype.obj
         x64\Debug\position.obj
         x64\Debug\pulse.obj
         x64\Debug\PulseLib.obj
         x64\Debug\rank.obj
         x64\Debug\search.obj
         x64\Debug\square.obj
         x64\Debug\value.obj
         PulseCpp.vcxproj -> C:\Users\XiongBaoBao\Downloads\pulse-master\pulse-master\src\main\cpp\PulseCpp\x64\Debug\PulseCpp.exe
     1>Done Building Project "C:\Users\XiongBaoBao\Downloads\pulse-master\pulse-master\src\main\cpp\PulseCpp\PulseCpp\PulseCpp.vcxproj" (Build target(s)).

Build succeeded.

Time Elapsed 00:00:01.50
